avr. 20, 2016 11:06:33 AM org.apache.catalina.core.StandardWrapperValve invoke
GRAVE: Servlet.service() for servlet [jsp] in context with path [] threw exception [Impossible de compiler la classe pour la JSP: 

Une erreur s'est produite à la ligne: 14 dans le fichier jsp: /form.jsp
author cannot be resolved to a type
11:     out.print("Ann&eacute; : "+year+"<br/><p/>");
12:     %>
13:  <form action="form.jsp">
14: Auteur : <input type="text" name="author" value="<% author %><br/>
15: Titre : <input type="text" name="title"><br/>
16: Ann&eacute;e : <input type="text" name="year"><br/>
17: <input type="submit">


Une erreur s'est produite à la ligne: 14 dans le fichier jsp: /form.jsp
Duplicate local variable out
11:     out.print("Ann&eacute; : "+year+"<br/><p/>");
12:     %>
13:  <form action="form.jsp">
14: Auteur : <input type="text" name="author" value="<% author %><br/>
15: Titre : <input type="text" name="title"><br/>
16: Ann&eacute;e : <input type="text" name="year"><br/>
17: <input type="submit">


Une erreur s'est produite à la ligne: 14 dans le fichier jsp: /form.jsp
Syntax error on token ".", ; expected
11:     out.print("Ann&eacute; : "+year+"<br/><p/>");
12:     %>
13:  <form action="form.jsp">
14: Auteur : <input type="text" name="author" value="<% author %><br/>
15: Titre : <input type="text" name="title"><br/>
16: Ann&eacute;e : <input type="text" name="year"><br/>
17: <input type="submit">


Une erreur s'est produite à la ligne: 14 dans le fichier jsp: /form.jsp
The method write(String) is undefined for the type form_jsp
11:     out.print("Ann&eacute; : "+year+"<br/><p/>");
12:     %>
13:  <form action="form.jsp">
14: Auteur : <input type="text" name="author" value="<% author %><br/>
15: Titre : <input type="text" name="title"><br/>
16: Ann&eacute;e : <input type="text" name="year"><br/>
17: <input type="submit">


Stacktrace:] with root cause
org.apache.jasper.JasperException: Impossible de compiler la classe pour la JSP: 

Une erreur s'est produite à la ligne: 14 dans le fichier jsp: /form.jsp
author cannot be resolved to a type
11:     out.print("Ann&eacute; : "+year+"<br/><p/>");
12:     %>
13:  <form action="form.jsp">
14: Auteur : <input type="text" name="author" value="<% author %><br/>
15: Titre : <input type="text" name="title"><br/>
16: Ann&eacute;e : <input type="text" name="year"><br/>
17: <input type="submit">


Une erreur s'est produite à la ligne: 14 dans le fichier jsp: /form.jsp
Duplicate local variable out
11:     out.print("Ann&eacute; : "+year+"<br/><p/>");
12:     %>
13:  <form action="form.jsp">
14: Auteur : <input type="text" name="author" value="<% author %><br/>
15: Titre : <input type="text" name="title"><br/>
16: Ann&eacute;e : <input type="text" name="year"><br/>
17: <input type="submit">


Une erreur s'est produite à la ligne: 14 dans le fichier jsp: /form.jsp
Syntax error on token ".", ; expected
11:     out.print("Ann&eacute; : "+year+"<br/><p/>");
12:     %>
13:  <form action="form.jsp">
14: Auteur : <input type="text" name="author" value="<% author %><br/>
15: Titre : <input type="text" name="title"><br/>
16: Ann&eacute;e : <input type="text" name="year"><br/>
17: <input type="submit">


Une erreur s'est produite à la ligne: 14 dans le fichier jsp: /form.jsp
The method write(String) is undefined for the type form_jsp
11:     out.print("Ann&eacute; : "+year+"<br/><p/>");
12:     %>
13:  <form action="form.jsp">
14: Auteur : <input type="text" name="author" value="<% author %><br/>
15: Titre : <input type="text" name="title"><br/>
16: Ann&eacute;e : <input type="text" name="year"><br/>
17: <input type="submit">


Stacktrace:
	at org.apache.jasper.compiler.DefaultErrorHandler.javacError(DefaultErrorHandler.java:103)
	at org.apache.jasper.compiler.ErrorDispatcher.javacError(ErrorDispatcher.java:366)
	at org.apache.jasper.compiler.JDTCompiler.generateClass(JDTCompiler.java:476)
	at org.apache.jasper.compiler.Compiler.compile(Compiler.java:378)
	at org.apache.jasper.compiler.Compiler.compile(Compiler.java:353)
	at org.apache.jasper.compiler.Compiler.compile(Compiler.java:340)
	at org.apache.jasper.JspCompilationContext.compile(JspCompilationContext.java:657)
	at org.apache.jasper.servlet.JspServletWrapper.service(JspServletWrapper.java:357)
	at org.apache.jasper.servlet.JspServlet.serviceJspFile(JspServlet.java:390)
	at org.apache.jasper.servlet.JspServlet.service(JspServlet.java:334)
	at javax.servlet.http.HttpServlet.service(HttpServlet.java:727)
	at org.apache.catalina.core.ApplicationFilterChain.internalDoFilter(ApplicationFilterChain.java:303)
	at org.apache.catalina.core.ApplicationFilterChain.doFilter(ApplicationFilterChain.java:208)
	at org.apache.tomcat.websocket.server.WsFilter.doFilter(WsFilter.java:52)
	at org.apache.catalina.core.ApplicationFilterChain.internalDoFilter(ApplicationFilterChain.java:241)
	at org.apache.catalina.core.ApplicationFilterChain.doFilter(ApplicationFilterChain.java:208)
	at org.apache.catalina.core.StandardWrapperValve.invoke(StandardWrapperValve.java:220)
	at org.apache.catalina.core.StandardContextValve.invoke(StandardContextValve.java:122)
	at org.apache.tomee.catalina.OpenEJBValve.invoke(OpenEJBValve.java:44)
	at org.apache.catalina.authenticator.AuthenticatorBase.invoke(AuthenticatorBase.java:501)
	at org.apache.catalina.core.StandardHostValve.invoke(StandardHostValve.java:171)
	at org.apache.catalina.valves.ErrorReportValve.invoke(ErrorReportValve.java:103)
	at org.apache.catalina.valves.AccessLogValve.invoke(AccessLogValve.java:950)
	at org.apache.catalina.core.StandardEngineValve.invoke(StandardEngineValve.java:116)
	at org.apache.catalina.connector.CoyoteAdapter.service(CoyoteAdapter.java:408)
	at org.apache.coyote.http11.AbstractHttp11Processor.process(AbstractHttp11Processor.java:1070)
	at org.apache.coyote.AbstractProtocol$AbstractConnectionHandler.process(AbstractProtocol.java:611)
	at org.apache.tomcat.util.net.JIoEndpoint$SocketProcessor.run(JIoEndpoint.java:314)
	at java.util.concurrent.ThreadPoolExecutor.runWorker(ThreadPoolExecutor.java:1142)
	at java.util.concurrent.ThreadPoolExecutor$Worker.run(ThreadPoolExecutor.java:617)
	at org.apache.tomcat.util.threads.TaskThread$WrappingRunnable.run(TaskThread.java:61)
	at java.lang.Thread.run(Thread.java:745)

avr. 20, 2016 11:10:34 AM org.apache.catalina.core.StandardWrapperValve invoke
GRAVE: Servlet.service() for servlet [jsp] in context with path [] threw exception [Impossible de compiler la classe pour la JSP: 

Une erreur s'est produite à la ligne: 14 dans le fichier jsp: /form.jsp
author cannot be resolved to a type
11:     out.print("Ann&eacute; : "+year+"<br/><p/>");
12:     
13:     %>
14:     Auteur : <input type="text" name="author" value="<% author %>"><br/>
15:     
16:     
17:     


Une erreur s'est produite à la ligne: 14 dans le fichier jsp: /form.jsp
Duplicate local variable out
11:     out.print("Ann&eacute; : "+year+"<br/><p/>");
12:     
13:     %>
14:     Auteur : <input type="text" name="author" value="<% author %>"><br/>
15:     
16:     
17:     


Une erreur s'est produite à la ligne: 14 dans le fichier jsp: /form.jsp
Syntax error on token ".", ; expected
11:     out.print("Ann&eacute; : "+year+"<br/><p/>");
12:     
13:     %>
14:     Auteur : <input type="text" name="author" value="<% author %>"><br/>
15:     
16:     
17:     


Une erreur s'est produite à la ligne: 14 dans le fichier jsp: /form.jsp
The method write(String) is undefined for the type form_jsp
11:     out.print("Ann&eacute; : "+year+"<br/><p/>");
12:     
13:     %>
14:     Auteur : <input type="text" name="author" value="<% author %>"><br/>
15:     
16:     
17:     


Stacktrace:] with root cause
org.apache.jasper.JasperException: Impossible de compiler la classe pour la JSP: 

Une erreur s'est produite à la ligne: 14 dans le fichier jsp: /form.jsp
author cannot be resolved to a type
11:     out.print("Ann&eacute; : "+year+"<br/><p/>");
12:     
13:     %>
14:     Auteur : <input type="text" name="author" value="<% author %>"><br/>
15:     
16:     
17:     


Une erreur s'est produite à la ligne: 14 dans le fichier jsp: /form.jsp
Duplicate local variable out
11:     out.print("Ann&eacute; : "+year+"<br/><p/>");
12:     
13:     %>
14:     Auteur : <input type="text" name="author" value="<% author %>"><br/>
15:     
16:     
17:     


Une erreur s'est produite à la ligne: 14 dans le fichier jsp: /form.jsp
Syntax error on token ".", ; expected
11:     out.print("Ann&eacute; : "+year+"<br/><p/>");
12:     
13:     %>
14:     Auteur : <input type="text" name="author" value="<% author %>"><br/>
15:     
16:     
17:     


Une erreur s'est produite à la ligne: 14 dans le fichier jsp: /form.jsp
The method write(String) is undefined for the type form_jsp
11:     out.print("Ann&eacute; : "+year+"<br/><p/>");
12:     
13:     %>
14:     Auteur : <input type="text" name="author" value="<% author %>"><br/>
15:     
16:     
17:     


Stacktrace:
	at org.apache.jasper.compiler.DefaultErrorHandler.javacError(DefaultErrorHandler.java:103)
	at org.apache.jasper.compiler.ErrorDispatcher.javacError(ErrorDispatcher.java:366)
	at org.apache.jasper.compiler.JDTCompiler.generateClass(JDTCompiler.java:476)
	at org.apache.jasper.compiler.Compiler.compile(Compiler.java:378)
	at org.apache.jasper.compiler.Compiler.compile(Compiler.java:353)
	at org.apache.jasper.compiler.Compiler.compile(Compiler.java:340)
	at org.apache.jasper.JspCompilationContext.compile(JspCompilationContext.java:657)
	at org.apache.jasper.servlet.JspServletWrapper.service(JspServletWrapper.java:357)
	at org.apache.jasper.servlet.JspServlet.serviceJspFile(JspServlet.java:390)
	at org.apache.jasper.servlet.JspServlet.service(JspServlet.java:334)
	at javax.servlet.http.HttpServlet.service(HttpServlet.java:727)
	at org.apache.catalina.core.ApplicationFilterChain.internalDoFilter(ApplicationFilterChain.java:303)
	at org.apache.catalina.core.ApplicationFilterChain.doFilter(ApplicationFilterChain.java:208)
	at org.apache.tomcat.websocket.server.WsFilter.doFilter(WsFilter.java:52)
	at org.apache.catalina.core.ApplicationFilterChain.internalDoFilter(ApplicationFilterChain.java:241)
	at org.apache.catalina.core.ApplicationFilterChain.doFilter(ApplicationFilterChain.java:208)
	at org.apache.catalina.core.StandardWrapperValve.invoke(StandardWrapperValve.java:220)
	at org.apache.catalina.core.StandardContextValve.invoke(StandardContextValve.java:122)
	at org.apache.tomee.catalina.OpenEJBValve.invoke(OpenEJBValve.java:44)
	at org.apache.catalina.authenticator.AuthenticatorBase.invoke(AuthenticatorBase.java:501)
	at org.apache.catalina.core.StandardHostValve.invoke(StandardHostValve.java:171)
	at org.apache.catalina.valves.ErrorReportValve.invoke(ErrorReportValve.java:103)
	at org.apache.catalina.valves.AccessLogValve.invoke(AccessLogValve.java:950)
	at org.apache.catalina.core.StandardEngineValve.invoke(StandardEngineValve.java:116)
	at org.apache.catalina.connector.CoyoteAdapter.service(CoyoteAdapter.java:408)
	at org.apache.coyote.http11.AbstractHttp11Processor.process(AbstractHttp11Processor.java:1070)
	at org.apache.coyote.AbstractProtocol$AbstractConnectionHandler.process(AbstractProtocol.java:611)
	at org.apache.tomcat.util.net.JIoEndpoint$SocketProcessor.run(JIoEndpoint.java:314)
	at java.util.concurrent.ThreadPoolExecutor.runWorker(ThreadPoolExecutor.java:1142)
	at java.util.concurrent.ThreadPoolExecutor$Worker.run(ThreadPoolExecutor.java:617)
	at org.apache.tomcat.util.threads.TaskThread$WrappingRunnable.run(TaskThread.java:61)
	at java.lang.Thread.run(Thread.java:745)

avr. 20, 2016 11:16:01 AM org.apache.catalina.core.StandardWrapperValve invoke
GRAVE: Servlet.service() for servlet [jsp] in context with path [] threw exception [Impossible de compiler la classe pour la JSP: 

Une erreur s'est produite à la ligne: 16 dans le fichier jsp: /form.jsp
titre cannot be resolved to a variable
13:     %>
14:     <form action="form.jsp">
15:     Auteur : <input type="text" name="author" value="<%= author %>"><br/>
16:     Titre : <input type="text" name="title" value="<%= titre %>"><br/>
17:     Année : <input type="text" name="year" value="<%= year %>"><br/>
18:     <input type="submit">
19: 	</form>


Stacktrace:] with root cause
org.apache.jasper.JasperException: Impossible de compiler la classe pour la JSP: 

Une erreur s'est produite à la ligne: 16 dans le fichier jsp: /form.jsp
titre cannot be resolved to a variable
13:     %>
14:     <form action="form.jsp">
15:     Auteur : <input type="text" name="author" value="<%= author %>"><br/>
16:     Titre : <input type="text" name="title" value="<%= titre %>"><br/>
17:     Année : <input type="text" name="year" value="<%= year %>"><br/>
18:     <input type="submit">
19: 	</form>


Stacktrace:
	at org.apache.jasper.compiler.DefaultErrorHandler.javacError(DefaultErrorHandler.java:103)
	at org.apache.jasper.compiler.ErrorDispatcher.javacError(ErrorDispatcher.java:366)
	at org.apache.jasper.compiler.JDTCompiler.generateClass(JDTCompiler.java:476)
	at org.apache.jasper.compiler.Compiler.compile(Compiler.java:378)
	at org.apache.jasper.compiler.Compiler.compile(Compiler.java:353)
	at org.apache.jasper.compiler.Compiler.compile(Compiler.java:340)
	at org.apache.jasper.JspCompilationContext.compile(JspCompilationContext.java:657)
	at org.apache.jasper.servlet.JspServletWrapper.service(JspServletWrapper.java:357)
	at org.apache.jasper.servlet.JspServlet.serviceJspFile(JspServlet.java:390)
	at org.apache.jasper.servlet.JspServlet.service(JspServlet.java:334)
	at javax.servlet.http.HttpServlet.service(HttpServlet.java:727)
	at org.apache.catalina.core.ApplicationFilterChain.internalDoFilter(ApplicationFilterChain.java:303)
	at org.apache.catalina.core.ApplicationFilterChain.doFilter(ApplicationFilterChain.java:208)
	at org.apache.tomcat.websocket.server.WsFilter.doFilter(WsFilter.java:52)
	at org.apache.catalina.core.ApplicationFilterChain.internalDoFilter(ApplicationFilterChain.java:241)
	at org.apache.catalina.core.ApplicationFilterChain.doFilter(ApplicationFilterChain.java:208)
	at org.apache.catalina.core.StandardWrapperValve.invoke(StandardWrapperValve.java:220)
	at org.apache.catalina.core.StandardContextValve.invoke(StandardContextValve.java:122)
	at org.apache.tomee.catalina.OpenEJBValve.invoke(OpenEJBValve.java:44)
	at org.apache.catalina.authenticator.AuthenticatorBase.invoke(AuthenticatorBase.java:501)
	at org.apache.catalina.core.StandardHostValve.invoke(StandardHostValve.java:171)
	at org.apache.catalina.valves.ErrorReportValve.invoke(ErrorReportValve.java:103)
	at org.apache.catalina.valves.AccessLogValve.invoke(AccessLogValve.java:950)
	at org.apache.catalina.core.StandardEngineValve.invoke(StandardEngineValve.java:116)
	at org.apache.catalina.connector.CoyoteAdapter.service(CoyoteAdapter.java:408)
	at org.apache.coyote.http11.AbstractHttp11Processor.process(AbstractHttp11Processor.java:1070)
	at org.apache.coyote.AbstractProtocol$AbstractConnectionHandler.process(AbstractProtocol.java:611)
	at org.apache.tomcat.util.net.JIoEndpoint$SocketProcessor.run(JIoEndpoint.java:314)
	at java.util.concurrent.ThreadPoolExecutor.runWorker(ThreadPoolExecutor.java:1142)
	at java.util.concurrent.ThreadPoolExecutor$Worker.run(ThreadPoolExecutor.java:617)
	at org.apache.tomcat.util.threads.TaskThread$WrappingRunnable.run(TaskThread.java:61)
	at java.lang.Thread.run(Thread.java:745)

avr. 20, 2016 11:18:46 AM org.apache.catalina.core.StandardWrapperValve invoke
GRAVE: Servlet.service() for servlet [jsp] in context with path [] threw exception [An exception occurred processing JSP page /form.jsp at line 6

3: <%
4: 
5: String author = request.getParameter("author");
6: if ( author != null || !author.isEmpty() ) {
7:     String title = request.getParameter("title");
8:     String year = request.getParameter("year");
9:     out.print("Auteur : "+author+"<br/>");


Stacktrace:] with root cause
java.lang.NullPointerException
	at org.apache.jsp.form_jsp._jspService(form_jsp.java:67)
	at org.apache.jasper.runtime.HttpJspBase.service(HttpJspBase.java:70)
	at javax.servlet.http.HttpServlet.service(HttpServlet.java:727)
	at org.apache.jasper.servlet.JspServletWrapper.service(JspServletWrapper.java:432)
	at org.apache.jasper.servlet.JspServlet.serviceJspFile(JspServlet.java:390)
	at org.apache.jasper.servlet.JspServlet.service(JspServlet.java:334)
	at javax.servlet.http.HttpServlet.service(HttpServlet.java:727)
	at org.apache.catalina.core.ApplicationFilterChain.internalDoFilter(ApplicationFilterChain.java:303)
	at org.apache.catalina.core.ApplicationFilterChain.doFilter(ApplicationFilterChain.java:208)
	at org.apache.tomcat.websocket.server.WsFilter.doFilter(WsFilter.java:52)
	at org.apache.catalina.core.ApplicationFilterChain.internalDoFilter(ApplicationFilterChain.java:241)
	at org.apache.catalina.core.ApplicationFilterChain.doFilter(ApplicationFilterChain.java:208)
	at org.apache.catalina.core.StandardWrapperValve.invoke(StandardWrapperValve.java:220)
	at org.apache.catalina.core.StandardContextValve.invoke(StandardContextValve.java:122)
	at org.apache.tomee.catalina.OpenEJBValve.invoke(OpenEJBValve.java:44)
	at org.apache.catalina.authenticator.AuthenticatorBase.invoke(AuthenticatorBase.java:501)
	at org.apache.catalina.core.StandardHostValve.invoke(StandardHostValve.java:171)
	at org.apache.catalina.valves.ErrorReportValve.invoke(ErrorReportValve.java:103)
	at org.apache.catalina.valves.AccessLogValve.invoke(AccessLogValve.java:950)
	at org.apache.catalina.core.StandardEngineValve.invoke(StandardEngineValve.java:116)
	at org.apache.catalina.connector.CoyoteAdapter.service(CoyoteAdapter.java:408)
	at org.apache.coyote.http11.AbstractHttp11Processor.process(AbstractHttp11Processor.java:1070)
	at org.apache.coyote.AbstractProtocol$AbstractConnectionHandler.process(AbstractProtocol.java:611)
	at org.apache.tomcat.util.net.JIoEndpoint$SocketProcessor.run(JIoEndpoint.java:316)
	at java.util.concurrent.ThreadPoolExecutor.runWorker(ThreadPoolExecutor.java:1142)
	at java.util.concurrent.ThreadPoolExecutor$Worker.run(ThreadPoolExecutor.java:617)
	at org.apache.tomcat.util.threads.TaskThread$WrappingRunnable.run(TaskThread.java:61)
	at java.lang.Thread.run(Thread.java:745)

avr. 20, 2016 11:26:02 AM org.apache.catalina.core.StandardWrapperValve invoke
GRAVE: Servlet.service() for servlet [jsp] in context with path [] threw exception [An exception occurred processing JSP page /form.jsp at line 6

3: <%
4: 
5: String author = request.getParameter("author");
6: if ( author != null || !author.isEmpty() ) {
7:     String title = request.getParameter("title");
8:     String year = request.getParameter("year");
9:     out.print("Auteur : "+author+"<br/>");


Stacktrace:] with root cause
java.lang.NullPointerException
	at org.apache.jsp.form_jsp._jspService(form_jsp.java:67)
	at org.apache.jasper.runtime.HttpJspBase.service(HttpJspBase.java:70)
	at javax.servlet.http.HttpServlet.service(HttpServlet.java:727)
	at org.apache.jasper.servlet.JspServletWrapper.service(JspServletWrapper.java:432)
	at org.apache.jasper.servlet.JspServlet.serviceJspFile(JspServlet.java:390)
	at org.apache.jasper.servlet.JspServlet.service(JspServlet.java:334)
	at javax.servlet.http.HttpServlet.service(HttpServlet.java:727)
	at org.apache.catalina.core.ApplicationFilterChain.internalDoFilter(ApplicationFilterChain.java:303)
	at org.apache.catalina.core.ApplicationFilterChain.doFilter(ApplicationFilterChain.java:208)
	at org.apache.tomcat.websocket.server.WsFilter.doFilter(WsFilter.java:52)
	at org.apache.catalina.core.ApplicationFilterChain.internalDoFilter(ApplicationFilterChain.java:241)
	at org.apache.catalina.core.ApplicationFilterChain.doFilter(ApplicationFilterChain.java:208)
	at org.apache.catalina.core.StandardWrapperValve.invoke(StandardWrapperValve.java:220)
	at org.apache.catalina.core.StandardContextValve.invoke(StandardContextValve.java:122)
	at org.apache.tomee.catalina.OpenEJBValve.invoke(OpenEJBValve.java:44)
	at org.apache.catalina.authenticator.AuthenticatorBase.invoke(AuthenticatorBase.java:501)
	at org.apache.catalina.core.StandardHostValve.invoke(StandardHostValve.java:171)
	at org.apache.catalina.valves.ErrorReportValve.invoke(ErrorReportValve.java:103)
	at org.apache.catalina.valves.AccessLogValve.invoke(AccessLogValve.java:950)
	at org.apache.catalina.core.StandardEngineValve.invoke(StandardEngineValve.java:116)
	at org.apache.catalina.connector.CoyoteAdapter.service(CoyoteAdapter.java:408)
	at org.apache.coyote.http11.AbstractHttp11Processor.process(AbstractHttp11Processor.java:1070)
	at org.apache.coyote.AbstractProtocol$AbstractConnectionHandler.process(AbstractProtocol.java:611)
	at org.apache.tomcat.util.net.JIoEndpoint$SocketProcessor.run(JIoEndpoint.java:314)
	at java.util.concurrent.ThreadPoolExecutor.runWorker(ThreadPoolExecutor.java:1142)
	at java.util.concurrent.ThreadPoolExecutor$Worker.run(ThreadPoolExecutor.java:617)
	at org.apache.tomcat.util.threads.TaskThread$WrappingRunnable.run(TaskThread.java:61)
	at java.lang.Thread.run(Thread.java:745)

avr. 20, 2016 11:26:03 AM org.apache.catalina.core.StandardWrapperValve invoke
GRAVE: Servlet.service() for servlet [jsp] in context with path [] threw exception [An exception occurred processing JSP page /form.jsp at line 6

3: <%
4: 
5: String author = request.getParameter("author");
6: if ( author != null || !author.isEmpty() ) {
7:     String title = request.getParameter("title");
8:     String year = request.getParameter("year");
9:     out.print("Auteur : "+author+"<br/>");


Stacktrace:] with root cause
java.lang.NullPointerException
	at org.apache.jsp.form_jsp._jspService(form_jsp.java:67)
	at org.apache.jasper.runtime.HttpJspBase.service(HttpJspBase.java:70)
	at javax.servlet.http.HttpServlet.service(HttpServlet.java:727)
	at org.apache.jasper.servlet.JspServletWrapper.service(JspServletWrapper.java:432)
	at org.apache.jasper.servlet.JspServlet.serviceJspFile(JspServlet.java:390)
	at org.apache.jasper.servlet.JspServlet.service(JspServlet.java:334)
	at javax.servlet.http.HttpServlet.service(HttpServlet.java:727)
	at org.apache.catalina.core.ApplicationFilterChain.internalDoFilter(ApplicationFilterChain.java:303)
	at org.apache.catalina.core.ApplicationFilterChain.doFilter(ApplicationFilterChain.java:208)
	at org.apache.tomcat.websocket.server.WsFilter.doFilter(WsFilter.java:52)
	at org.apache.catalina.core.ApplicationFilterChain.internalDoFilter(ApplicationFilterChain.java:241)
	at org.apache.catalina.core.ApplicationFilterChain.doFilter(ApplicationFilterChain.java:208)
	at org.apache.catalina.core.StandardWrapperValve.invoke(StandardWrapperValve.java:220)
	at org.apache.catalina.core.StandardContextValve.invoke(StandardContextValve.java:122)
	at org.apache.tomee.catalina.OpenEJBValve.invoke(OpenEJBValve.java:44)
	at org.apache.catalina.authenticator.AuthenticatorBase.invoke(AuthenticatorBase.java:501)
	at org.apache.catalina.core.StandardHostValve.invoke(StandardHostValve.java:171)
	at org.apache.catalina.valves.ErrorReportValve.invoke(ErrorReportValve.java:103)
	at org.apache.catalina.valves.AccessLogValve.invoke(AccessLogValve.java:950)
	at org.apache.catalina.core.StandardEngineValve.invoke(StandardEngineValve.java:116)
	at org.apache.catalina.connector.CoyoteAdapter.service(CoyoteAdapter.java:408)
	at org.apache.coyote.http11.AbstractHttp11Processor.process(AbstractHttp11Processor.java:1070)
	at org.apache.coyote.AbstractProtocol$AbstractConnectionHandler.process(AbstractProtocol.java:611)
	at org.apache.tomcat.util.net.JIoEndpoint$SocketProcessor.run(JIoEndpoint.java:314)
	at java.util.concurrent.ThreadPoolExecutor.runWorker(ThreadPoolExecutor.java:1142)
	at java.util.concurrent.ThreadPoolExecutor$Worker.run(ThreadPoolExecutor.java:617)
	at org.apache.tomcat.util.threads.TaskThread$WrappingRunnable.run(TaskThread.java:61)
	at java.lang.Thread.run(Thread.java:745)

avr. 20, 2016 11:26:16 AM org.apache.catalina.core.StandardWrapperValve invoke
GRAVE: Servlet.service() for servlet [jsp] in context with path [] threw exception [An exception occurred processing JSP page /form.jsp at line 6

3: <%
4: 
5: String author = request.getParameter("author");
6: if ( author != null || !(author.isEmpty()) ) {
7:     String title = request.getParameter("title");
8:     String year = request.getParameter("year");
9:    


Stacktrace:] with root cause
java.lang.NullPointerException
	at org.apache.jsp.form_jsp._jspService(form_jsp.java:67)
	at org.apache.jasper.runtime.HttpJspBase.service(HttpJspBase.java:70)
	at javax.servlet.http.HttpServlet.service(HttpServlet.java:727)
	at org.apache.jasper.servlet.JspServletWrapper.service(JspServletWrapper.java:432)
	at org.apache.jasper.servlet.JspServlet.serviceJspFile(JspServlet.java:390)
	at org.apache.jasper.servlet.JspServlet.service(JspServlet.java:334)
	at javax.servlet.http.HttpServlet.service(HttpServlet.java:727)
	at org.apache.catalina.core.ApplicationFilterChain.internalDoFilter(ApplicationFilterChain.java:303)
	at org.apache.catalina.core.ApplicationFilterChain.doFilter(ApplicationFilterChain.java:208)
	at org.apache.tomcat.websocket.server.WsFilter.doFilter(WsFilter.java:52)
	at org.apache.catalina.core.ApplicationFilterChain.internalDoFilter(ApplicationFilterChain.java:241)
	at org.apache.catalina.core.ApplicationFilterChain.doFilter(ApplicationFilterChain.java:208)
	at org.apache.catalina.core.StandardWrapperValve.invoke(StandardWrapperValve.java:220)
	at org.apache.catalina.core.StandardContextValve.invoke(StandardContextValve.java:122)
	at org.apache.tomee.catalina.OpenEJBValve.invoke(OpenEJBValve.java:44)
	at org.apache.catalina.authenticator.AuthenticatorBase.invoke(AuthenticatorBase.java:501)
	at org.apache.catalina.core.StandardHostValve.invoke(StandardHostValve.java:171)
	at org.apache.catalina.valves.ErrorReportValve.invoke(ErrorReportValve.java:103)
	at org.apache.catalina.valves.AccessLogValve.invoke(AccessLogValve.java:950)
	at org.apache.catalina.core.StandardEngineValve.invoke(StandardEngineValve.java:116)
	at org.apache.catalina.connector.CoyoteAdapter.service(CoyoteAdapter.java:408)
	at org.apache.coyote.http11.AbstractHttp11Processor.process(AbstractHttp11Processor.java:1070)
	at org.apache.coyote.AbstractProtocol$AbstractConnectionHandler.process(AbstractProtocol.java:611)
	at org.apache.tomcat.util.net.JIoEndpoint$SocketProcessor.run(JIoEndpoint.java:314)
	at java.util.concurrent.ThreadPoolExecutor.runWorker(ThreadPoolExecutor.java:1142)
	at java.util.concurrent.ThreadPoolExecutor$Worker.run(ThreadPoolExecutor.java:617)
	at org.apache.tomcat.util.threads.TaskThread$WrappingRunnable.run(TaskThread.java:61)
	at java.lang.Thread.run(Thread.java:745)

